 WARN [2016-07-23 00:25:37,386] (ComponentFactory.java:getComponentBean:1149) - Unable to get component for id 'Certificate': Unable to get bean for id 'Certificate'
 WARN [2016-07-23 00:25:37,589] (ComponentFactory.java:getComponentBean:1149) - Unable to get component for id 'AuraDefinitionBundle': Unable to get bean for id 'AuraDefinitionBundle'
 WARN [2016-07-23 00:25:37,605] (ComponentFactory.java:getComponentBean:1149) - Unable to get component for id 'ExternalDataSource': Unable to get bean for id 'ExternalDataSource'
 WARN [2016-07-23 00:25:37,612] (ComponentFactory.java:getComponentBean:1149) - Unable to get component for id 'NamedCredential': Unable to get bean for id 'NamedCredential'
 WARN [2016-07-23 00:25:37,621] (ComponentFactory.java:getComponentBean:1149) - Unable to get component for id 'GlobalPicklist': Unable to get bean for id 'GlobalPicklist'
 WARN [2016-07-23 00:25:37,637] (ComponentFactory.java:getComponentBean:1149) - Unable to get component for id 'CustomFeedFilter': Unable to get bean for id 'CustomFeedFilter'
 WARN [2016-07-23 00:25:37,651] (ComponentFactory.java:getComponentBean:1149) - Unable to get component for id 'FlowDefinition': Unable to get bean for id 'FlowDefinition'
 WARN [2016-07-23 00:25:37,662] (ComponentFactory.java:getComponentBean:1149) - Unable to get component for id 'MatchingRules': Unable to get bean for id 'MatchingRules'
 WARN [2016-07-23 00:25:37,672] (ComponentFactory.java:getComponentBean:1149) - Unable to get component for id 'ChannelLayout': Unable to get bean for id 'ChannelLayout'
 WARN [2016-07-23 00:25:37,680] (ComponentFactory.java:getComponentBean:1149) - Unable to get component for id 'SharingRules': Unable to get bean for id 'SharingRules'
 WARN [2016-07-23 00:25:37,689] (ComponentFactory.java:getComponentBean:1149) - Unable to get component for id 'DelegateGroup': Unable to get bean for id 'DelegateGroup'
 WARN [2016-07-23 00:25:37,697] (ComponentFactory.java:getComponentBean:1149) - Unable to get component for id 'ManagedTopics': Unable to get bean for id 'ManagedTopics'
 WARN [2016-07-23 00:25:37,703] (ComponentFactory.java:getComponentBean:1149) - Unable to get component for id 'KeywordList': Unable to get bean for id 'KeywordList'
 WARN [2016-07-23 00:25:37,734] (ComponentFactory.java:getComponentBean:1149) - Unable to get component for id 'ModerationRule': Unable to get bean for id 'ModerationRule'
 WARN [2016-07-23 00:25:37,741] (ComponentFactory.java:getComponentBean:1149) - Unable to get component for id 'CorsWhitelistOrigin': Unable to get bean for id 'CorsWhitelistOrigin'
 WARN [2016-07-23 00:25:37,748] (ComponentFactory.java:getComponentBean:1149) - Unable to get component for id 'ActionLinkGroupTemplate': Unable to get bean for id 'ActionLinkGroupTemplate'
 WARN [2016-07-23 00:25:37,755] (ComponentFactory.java:getComponentBean:1149) - Unable to get component for id 'TransactionSecurityPolicy': Unable to get bean for id 'TransactionSecurityPolicy'
 WARN [2016-07-23 00:25:37,762] (ComponentFactory.java:getComponentBean:1149) - Unable to get component for id 'SynonymDictionary': Unable to get bean for id 'SynonymDictionary'
 WARN [2016-07-23 00:25:37,770] (ComponentFactory.java:getComponentBean:1149) - Unable to get component for id 'PathAssistant': Unable to get bean for id 'PathAssistant'
 WARN [2016-07-23 00:25:37,777] (ComponentFactory.java:getComponentBean:1149) - Unable to get component for id 'PlatformCachePartition': Unable to get bean for id 'PlatformCachePartition'
 WARN [2016-07-23 00:25:38,769] (ComponentFactory.java:getComponentBean:1149) - Unable to get component for id 'Certificate': Unable to get bean for id 'Certificate'
 WARN [2016-07-23 00:25:38,778] (ComponentFactory.java:getComponentBean:1149) - Unable to get component for id 'AuraDefinitionBundle': Unable to get bean for id 'AuraDefinitionBundle'
 WARN [2016-07-23 00:25:38,789] (ComponentFactory.java:getComponentBean:1149) - Unable to get component for id 'ExternalDataSource': Unable to get bean for id 'ExternalDataSource'
 WARN [2016-07-23 00:25:38,797] (ComponentFactory.java:getComponentBean:1149) - Unable to get component for id 'NamedCredential': Unable to get bean for id 'NamedCredential'
 WARN [2016-07-23 00:25:38,807] (ComponentFactory.java:getComponentBean:1149) - Unable to get component for id 'GlobalPicklist': Unable to get bean for id 'GlobalPicklist'
 WARN [2016-07-23 00:25:38,819] (ComponentFactory.java:getComponentBean:1149) - Unable to get component for id 'CustomFeedFilter': Unable to get bean for id 'CustomFeedFilter'
 WARN [2016-07-23 00:25:38,829] (ComponentFactory.java:getComponentBean:1149) - Unable to get component for id 'FlowDefinition': Unable to get bean for id 'FlowDefinition'
 WARN [2016-07-23 00:25:38,839] (ComponentFactory.java:getComponentBean:1149) - Unable to get component for id 'MatchingRules': Unable to get bean for id 'MatchingRules'
 WARN [2016-07-23 00:25:38,846] (ComponentFactory.java:getComponentBean:1149) - Unable to get component for id 'ChannelLayout': Unable to get bean for id 'ChannelLayout'
 WARN [2016-07-23 00:25:38,853] (ComponentFactory.java:getComponentBean:1149) - Unable to get component for id 'SharingRules': Unable to get bean for id 'SharingRules'
 WARN [2016-07-23 00:25:38,860] (ComponentFactory.java:getComponentBean:1149) - Unable to get component for id 'DelegateGroup': Unable to get bean for id 'DelegateGroup'
 WARN [2016-07-23 00:25:38,866] (ComponentFactory.java:getComponentBean:1149) - Unable to get component for id 'ManagedTopics': Unable to get bean for id 'ManagedTopics'
 WARN [2016-07-23 00:25:38,873] (ComponentFactory.java:getComponentBean:1149) - Unable to get component for id 'KeywordList': Unable to get bean for id 'KeywordList'
 WARN [2016-07-23 00:25:38,879] (ComponentFactory.java:getComponentBean:1149) - Unable to get component for id 'ModerationRule': Unable to get bean for id 'ModerationRule'
 WARN [2016-07-23 00:25:38,886] (ComponentFactory.java:getComponentBean:1149) - Unable to get component for id 'CorsWhitelistOrigin': Unable to get bean for id 'CorsWhitelistOrigin'
 WARN [2016-07-23 00:25:38,892] (ComponentFactory.java:getComponentBean:1149) - Unable to get component for id 'ActionLinkGroupTemplate': Unable to get bean for id 'ActionLinkGroupTemplate'
 WARN [2016-07-23 00:25:38,899] (ComponentFactory.java:getComponentBean:1149) - Unable to get component for id 'TransactionSecurityPolicy': Unable to get bean for id 'TransactionSecurityPolicy'
 WARN [2016-07-23 00:25:38,905] (ComponentFactory.java:getComponentBean:1149) - Unable to get component for id 'SynonymDictionary': Unable to get bean for id 'SynonymDictionary'
 WARN [2016-07-23 00:25:38,911] (ComponentFactory.java:getComponentBean:1149) - Unable to get component for id 'PathAssistant': Unable to get bean for id 'PathAssistant'
 WARN [2016-07-23 00:25:38,918] (ComponentFactory.java:getComponentBean:1149) - Unable to get component for id 'PlatformCachePartition': Unable to get bean for id 'PlatformCachePartition'
 WARN [2016-07-23 00:26:30,137] (ProjectController.java:handleRetrieveResults:762) - Failed to retrieve: 'Salesforce Connected Apps/package.xml': Metadata API received improper input. Please ensure file name and capitalization is correct. Load of metadata from db failed for metadata of type:ConnectedApp and file name:Workbench.
 WARN [2016-07-23 00:26:30,147] (ProjectController.java:handleRetrieveResults:762) - Failed to retrieve: 'Salesforce Connected Apps/package.xml': Metadata API received improper input. Please ensure file name and capitalization is correct. Load of metadata from db failed for metadata of type:ConnectedApp and file name:Salesforce_for_Outlook.
 WARN [2016-07-23 00:26:30,157] (ProjectController.java:handleRetrieveResults:762) - Failed to retrieve: 'Salesforce Connected Apps/package.xml': Metadata API received improper input. Please ensure file name and capitalization is correct. Load of metadata from db failed for metadata of type:ConnectedApp and file name:Forcecom_Migration_Tool.
 WARN [2016-07-23 00:26:30,165] (ProjectController.java:handleRetrieveResults:762) - Failed to retrieve: 'Salesforce Connected Apps/package.xml': Metadata API received improper input. Please ensure file name and capitalization is correct. Load of metadata from db failed for metadata of type:ConnectedApp and file name:Forcecom_IDE.
 WARN [2016-07-23 00:26:30,175] (ProjectController.java:handleRetrieveResults:762) - Failed to retrieve: 'Salesforce Connected Apps/package.xml': Metadata API received improper input. Please ensure file name and capitalization is correct. Load of metadata from db failed for metadata of type:ConnectedApp and file name:Dataloader_Partner.
 WARN [2016-07-23 00:26:30,184] (ProjectController.java:handleRetrieveResults:762) - Failed to retrieve: 'Salesforce Connected Apps/package.xml': Metadata API received improper input. Please ensure file name and capitalization is correct. Load of metadata from db failed for metadata of type:ConnectedApp and file name:Dataloader_Bulk.
 WARN [2016-07-23 00:26:30,191] (ProjectController.java:handleRetrieveResults:762) - Failed to retrieve: 'Salesforce Connected Apps/package.xml': Metadata API received improper input. Please ensure file name and capitalization is correct. Load of metadata from db failed for metadata of type:ConnectedApp and file name:Salesforce_Touch.
 WARN [2016-07-23 00:26:30,198] (ProjectController.java:handleRetrieveResults:762) - Failed to retrieve: 'Salesforce Connected Apps/package.xml': Metadata API received improper input. Please ensure file name and capitalization is correct. Load of metadata from db failed for metadata of type:ConnectedApp and file name:Salesforce_Mobile_Dashboards.
 WARN [2016-07-23 00:26:30,210] (ComponentFactory.java:getComponentByFilePath:614) - No id found for filepath 'modules/Dataloader_Bulk_oauth/ConnectivityDevConfigs/Dataloader_Bulk_oauth_devConfig.ConnectivityDevConfig', tagging as component of type 'Unknown'
 WARN [2016-07-23 00:26:30,222] (ComponentFactory.java:getComponentByFilePath:614) - No id found for filepath 'modules/Dataloader_Bulk_oauth/modules/sf_com_apps__Dataloader_Bulk_oauth', tagging as component of type 'Unknown'
 WARN [2016-07-23 00:26:30,243] (ComponentFactory.java:getComponentByFilePath:614) - No id found for filepath 'applicationManifests/Dataloader_Bulk', tagging as component of type 'Unknown'
 WARN [2016-07-23 00:26:30,253] (ComponentFactory.java:getComponentByFilePath:614) - No id found for filepath 'modules/Dataloader_P5r_oauth/ConnectivityDevConfigs/Dataloader_P5r_oauth_devConfig.ConnectivityDevConfig', tagging as component of type 'Unknown'
 WARN [2016-07-23 00:26:30,263] (ComponentFactory.java:getComponentByFilePath:614) - No id found for filepath 'modules/Dataloader_P5r_oauth/modules/sf_com_apps__Dataloader_P5r_oauth', tagging as component of type 'Unknown'
 WARN [2016-07-23 00:26:30,272] (ComponentFactory.java:getComponentByFilePath:614) - No id found for filepath 'applicationManifests/Dataloader_Partner', tagging as component of type 'Unknown'
 WARN [2016-07-23 00:26:30,282] (ComponentFactory.java:getComponentByFilePath:614) - No id found for filepath 'modules/Forcecom_IDE_oauth/ConnectivityDevConfigs/Forcecom_IDE_oauth_devConfig.ConnectivityDevConfig', tagging as component of type 'Unknown'
 WARN [2016-07-23 00:26:30,293] (ComponentFactory.java:getComponentByFilePath:614) - No id found for filepath 'modules/Forcecom_IDE_oauth/modules/sf_com_apps__Forcecom_IDE_oauth', tagging as component of type 'Unknown'
 WARN [2016-07-23 00:26:30,301] (ComponentFactory.java:getComponentByFilePath:614) - No id found for filepath 'applicationManifests/Forcecom_IDE', tagging as component of type 'Unknown'
 WARN [2016-07-23 00:26:30,310] (ComponentFactory.java:getComponentByFilePath:614) - No id found for filepath 'modules/Forcecom_Migration_Tool_oauth/ConnectivityDevConfigs/Forcecom_Migration_Tool_oauth_devConfig.ConnectivityDevConfig', tagging as component of type 'Unknown'
 WARN [2016-07-23 00:26:30,318] (ComponentFactory.java:getComponentByFilePath:614) - No id found for filepath 'modules/Forcecom_Migration_Tool_oauth/modules/sf_com_apps__Forcecom_Migration_Tool_oauth', tagging as component of type 'Unknown'
 WARN [2016-07-23 00:26:30,325] (ComponentFactory.java:getComponentByFilePath:614) - No id found for filepath 'applicationManifests/Forcecom_Migration_Tool', tagging as component of type 'Unknown'
 WARN [2016-07-23 00:26:30,333] (ComponentFactory.java:getComponentByFilePath:614) - No id found for filepath 'modules/S8e_M4e_Dashboards_oauth/ConnectivityDevConfigs/S8e_M4e_Dashboards_oauth_devConfig.ConnectivityDevConfig', tagging as component of type 'Unknown'
 WARN [2016-07-23 00:26:30,340] (ComponentFactory.java:getComponentByFilePath:614) - No id found for filepath 'modules/S8e_M4e_Dashboards_oauth/modules/sf_com_apps__S8e_M4e_Dashboards_oauth', tagging as component of type 'Unknown'
 WARN [2016-07-23 00:26:30,348] (ComponentFactory.java:getComponentByFilePath:614) - No id found for filepath 'applicationManifests/Salesforce_Mobile_Dashboards', tagging as component of type 'Unknown'
 WARN [2016-07-23 00:26:30,355] (ComponentFactory.java:getComponentByFilePath:614) - No id found for filepath 'modules/S8e_T3h_oauth/ConnectivityDevConfigs/S8e_T3h_oauth_devConfig.ConnectivityDevConfig', tagging as component of type 'Unknown'
 WARN [2016-07-23 00:26:30,364] (ComponentFactory.java:getComponentByFilePath:614) - No id found for filepath 'modules/S8e_T3h_oauth/modules/sf_com_apps__S8e_T3h_oauth', tagging as component of type 'Unknown'
 WARN [2016-07-23 00:26:30,371] (ComponentFactory.java:getComponentByFilePath:614) - No id found for filepath 'applicationManifests/Salesforce_Touch', tagging as component of type 'Unknown'
 WARN [2016-07-23 00:26:30,381] (ComponentFactory.java:getComponentByFilePath:614) - No id found for filepath 'modules/S8e_for_Outlook_oauth/ConnectivityDevConfigs/S8e_for_Outlook_oauth_devConfig.ConnectivityDevConfig', tagging as component of type 'Unknown'
 WARN [2016-07-23 00:26:30,391] (ComponentFactory.java:getComponentByFilePath:614) - No id found for filepath 'modules/S8e_for_Outlook_oauth/modules/sf_com_apps__S8e_for_Outlook_oauth', tagging as component of type 'Unknown'
 WARN [2016-07-23 00:26:30,401] (ComponentFactory.java:getComponentByFilePath:614) - No id found for filepath 'applicationManifests/Salesforce_for_Outlook', tagging as component of type 'Unknown'
 WARN [2016-07-23 00:26:30,410] (ComponentFactory.java:getComponentByFilePath:614) - No id found for filepath 'modules/Workbench_oauth/ConnectivityDevConfigs/Workbench_oauth_devConfig.ConnectivityDevConfig', tagging as component of type 'Unknown'
 WARN [2016-07-23 00:26:30,417] (ComponentFactory.java:getComponentByFilePath:614) - No id found for filepath 'modules/Workbench_oauth/modules/sf_com_apps__Workbench_oauth', tagging as component of type 'Unknown'
 WARN [2016-07-23 00:26:30,426] (ComponentFactory.java:getComponentByFilePath:614) - No id found for filepath 'applicationManifests/Workbench', tagging as component of type 'Unknown'
ERROR [2016-07-23 00:26:30,436] (ProjectPackageList.java:generateComponents:483) - Filepath-zip mapping is null or empty for package 'Salesforce Connected Apps' [0A3900000010zN3CAI] - skipping component generation
 WARN [2016-07-23 00:26:58,159] (ProjectPackageList.java:saveResources:1161) - Component list in project package 'Salesforce Connected Apps' is empty.  No resources to save.
 WARN [2016-07-23 00:32:15,546] (DefaultBuilder.java:applyDirtyMarkers:93) - TODO: apply 'Save locally only...' markers on each resource
 WARN [2016-07-23 10:28:59,717] (ConnectionFactory.java:clearCache:220) - Clearing the following cached connections
 WARN [2016-07-23 10:29:18,428] (DescribeObjectRegistry.java:clearCache:663) - Clearing cached describes
 WARN [2016-07-23 10:29:27,088] (MetadataFactory.java:clearCache:128) - Clearing the following cached metadata stubs
